============================= test session starts =============================
platform win32 -- Python 3.14.2, pytest-9.0.2, pluggy-1.6.0 -- C:\Users\benja\Proyects\Code\Work\HealthBytes-dev\backend\.venv\Scripts\python.exe
cachedir: .pytest_cache
rootdir: C:\Users\benja\Proyects\Code\Work\HealthBytes-dev\backend
configfile: pytest.ini
testpaths: tests
plugins: anyio-4.12.1, asyncio-1.3.0, cov-7.0.0
asyncio: mode=Mode.STRICT, debug=False, asyncio_default_fixture_loop_scope=None, asyncio_default_test_loop_scope=function
collecting ... collected 84 items

tests/performance/test_order_performance.py::test_order_creation_query_count[5] PASSED [  1%]
tests/performance/test_order_performance.py::test_order_creation_query_count[10] PASSED [  2%]
tests/performance/test_order_performance.py::test_order_creation_query_count[25] PASSED [  3%]
tests/performance/test_order_performance.py::test_order_creation_query_count[50] PASSED [  4%]
tests/performance/test_order_performance.py::test_order_creation_performance_scaling PASSED [  5%]
tests/performance/test_order_performance.py::test_verify_single_product_query PASSED [  7%]
tests/test_api/test_auth.py::test_register_user FAILED                   [  8%]
tests/test_api/test_auth.py::test_login_user PASSED                      [  9%]
tests/test_api/test_health.py::test_health_check PASSED                  [ 10%]
tests/test_api/test_orders.py::test_get_orders PASSED                    [ 11%]
tests/test_api/test_orders.py::test_create_order PASSED                  [ 13%]
tests/test_api/test_orders_pagination.py::test_list_orders_pagination PASSED [ 14%]
tests/test_api/test_orders_validation.py::test_order_uses_database_price_not_client_price FAILED [ 15%]
tests/test_api/test_orders_validation.py::test_order_rejects_nonexistent_product SKIPPED [ 16%]
tests/test_api/test_orders_validation.py::test_order_multiple_items_validation FAILED [ 17%]
tests/test_api/test_orders_validation.py::test_order_with_correct_quantity FAILED [ 19%]
tests/test_api/test_orders_validation_fixed.py::test_order_uses_database_price_not_client_price PASSED [ 20%]
tests/test_api/test_products.py::test_get_products PASSED                [ 21%]
tests/test_api/test_products.py::test_get_product_by_id PASSED           [ 22%]
tests/test_api/test_products.py::test_get_products_by_ids PASSED         [ 23%]
tests/test_api/test_security_leakage.py::test_product_error_leakage PASSED [ 25%]
tests/test_api/test_security_leakage.py::test_user_error_leakage PASSED  [ 26%]
tests/test_api/test_security_leakage.py::test_order_error_leakage PASSED [ 27%]
tests/test_api/test_users.py::TestListUsers::test_list_users_requires_admin PASSED [ 28%]
tests/test_api/test_users.py::TestListUsers::test_list_users_rejects_limit_too_high PASSED [ 29%]
tests/test_api/test_users.py::TestListUsers::test_list_users_rejects_limit_zero PASSED [ 30%]
tests/test_api/test_users.py::TestListUsers::test_list_users_rejects_negative_skip PASSED [ 32%]
tests/test_api/test_users.py::TestListUsers::test_list_users_rejects_limit_1000000 PASSED [ 33%]
tests/test_api/test_users.py::TestListUsers::test_list_users_accepts_limit_at_boundary PASSED [ 34%]
tests/test_api/test_users.py::TestListUsers::test_list_users_accepts_limit_1 PASSED [ 35%]
tests/test_api/test_users.py::TestListUsers::test_list_users_accepts_skip_0 PASSED [ 36%]
tests/test_api/test_users.py::TestListUsers::test_list_users_accepts_large_skip PASSED [ 38%]
tests/test_api/test_users.py::TestListUsers::test_openapi_schema_has_query_validation PASSED [ 39%]
tests/test_api/test_users.py::TestGetUserById::test_get_user_by_id_requires_auth PASSED [ 40%]
tests/test_api/test_users.py::TestGetUserById::test_get_user_by_id_returns_404_for_nonexistent PASSED [ 41%]
tests/test_api/test_users.py::TestUpdateUser::test_update_user_requires_auth PASSED [ 42%]
tests/test_api/test_users.py::TestDeleteUser::test_delete_user_requires_admin PASSED [ 44%]
tests/test_config_security.py::test_jwt_secret_required FAILED           [ 45%]
tests/test_config_security.py::test_jwt_secret_configured PASSED         [ 46%]
tests/test_services/test_auth_service.py::test_register_user_success FAILED [ 47%]
tests/test_services/test_auth_service.py::test_register_user_duplicate_email FAILED [ 48%]
tests/test_services/test_auth_service.py::test_register_user_with_clerk_id FAILED [ 50%]
tests/test_services/test_auth_service.py::test_login_user_success FAILED [ 51%]
tests/test_services/test_auth_service.py::test_login_user_wrong_password FAILED [ 52%]
tests/test_services/test_auth_service.py::test_login_user_nonexistent_email PASSED [ 53%]
tests/test_services/test_auth_service.py::test_get_user_by_email_found FAILED [ 54%]
tests/test_services/test_auth_service.py::test_get_user_by_email_not_found PASSED [ 55%]
tests/test_services/test_auth_service.py::test_get_user_by_clerk_id_found FAILED [ 57%]
tests/test_services/test_auth_service.py::test_get_user_by_clerk_id_not_found PASSED [ 58%]
tests/test_services/test_auth_service.py::test_password_hashing_different_passwords FAILED [ 59%]
tests/test_services/test_auth_service.py::test_password_hashing_same_password_different_hash FAILED [ 60%]
tests/test_services/test_order_service.py::test_create_order_success PASSED [ 61%]
tests/test_services/test_order_service.py::test_create_order_insufficient_stock PASSED [ 63%]
tests/test_services/test_order_service.py::test_create_order_product_not_found PASSED [ 64%]
tests/test_services/test_order_service.py::test_create_order_uses_current_price PASSED [ 65%]
tests/test_services/test_order_service.py::test_create_order_reduces_stock PASSED [ 66%]
tests/test_services/test_order_service.py::test_get_user_orders_empty PASSED [ 67%]
tests/test_services/test_order_service.py::test_get_user_orders_with_data PASSED [ 69%]
tests/test_services/test_order_service.py::test_get_order_existing PASSED [ 70%]
tests/test_services/test_order_service.py::test_get_order_not_found PASSED [ 71%]
tests/test_services/test_order_service.py::test_update_order_status_valid_transition PASSED [ 72%]
tests/test_services/test_order_service.py::test_update_order_status_not_found PASSED [ 73%]
tests/test_services/test_order_service.py::test_update_order_status_invalid_transition PASSED [ 75%]
tests/test_services/test_product_service.py::test_list_products_empty PASSED [ 76%]
tests/test_services/test_product_service.py::test_list_products_with_data PASSED [ 77%]
tests/test_services/test_product_service.py::test_list_products_with_pagination PASSED [ 78%]
tests/test_services/test_product_service.py::test_get_product_existing PASSED [ 79%]
tests/test_services/test_product_service.py::test_get_product_not_found PASSED [ 80%]
tests/test_services/test_product_service.py::test_create_product PASSED  [ 82%]
tests/test_services/test_product_service.py::test_create_product_validates_data PASSED [ 83%]
tests/test_services/test_product_service.py::test_update_product_existing PASSED [ 84%]
tests/test_services/test_product_service.py::test_update_product_not_found PASSED [ 85%]
tests/test_services/test_product_service.py::test_update_product_partial PASSED [ 86%]
tests/test_services/test_product_service.py::test_delete_product_existing PASSED [ 88%]
tests/test_services/test_product_service.py::test_delete_product_not_found PASSED [ 89%]
tests/test_services/test_user_service.py::test_get_user_existing PASSED  [ 90%]
tests/test_services/test_user_service.py::test_get_user_not_found PASSED [ 91%]
tests/test_services/test_user_service.py::test_update_user_success FAILED [ 92%]
tests/test_services/test_user_service.py::test_update_user_not_found PASSED [ 94%]
tests/test_services/test_user_service.py::test_update_user_partial FAILED [ 95%]
tests/test_services/test_user_service.py::test_update_user_all_fields FAILED [ 96%]
tests/test_services/test_user_service.py::test_delete_user_existing PASSED [ 97%]
tests/test_services/test_user_service.py::test_delete_user_not_found PASSED [ 98%]
C:\Users\benja\Proyects\Code\Work\HealthBytes-dev\backend\.venv\Lib\site-packages\_pytest\unraisableexception.py:33: ResourceWarning: unclosed database in <sqlite3.Connection object at 0x000002837CFCDC60>
  gc.collect()
ResourceWarning: Enable tracemalloc to get the object allocation traceback
tests/test_services/test_user_service.py::test_get_user_with_multiple_users PASSED [100%]

================================== FAILURES ===================================
E   assert 500 in [200, 201, 400, 409]
     +  where 500 = <Response [500 Internal Server Error]>.status_code
---------------------------- Captured stdout call -----------------------------
password cannot be longer than 72 bytes, truncate manually if necessary (e.g. my_password[:72])
------------------------------ Captured log call ------------------------------
WARNING  passlib.handlers.bcrypt:bcrypt.py:622 (trapped) error reading bcrypt version
Traceback (most recent call last):
  File "C:\Users\benja\Proyects\Code\Work\HealthBytes-dev\backend\.venv\Lib\site-packages\passlib\handlers\bcrypt.py", line 620, in _load_backend_mixin
    version = _bcrypt.__about__.__version__
              ^^^^^^^^^^^^^^^^^
AttributeError: module 'bcrypt' has no attribute '__about__'
C:\Users\benja\Proyects\Code\Work\HealthBytes-dev\backend\tests\test_api\test_auth.py:12: assert 500 in [200, 201, 400, 409]
E   UnboundLocalError: cannot access local variable 'result' where it is not associated with a value
---------------------------- Captured stdout call -----------------------------
Clerk token verification failed: Not enough segments
Warning: JWKS verification failed, decoding token without verification (dev mode only)
Failed to decode token without verification: Not enough segments
C:\Users\benja\Proyects\Code\Work\HealthBytes-dev\backend\tests\test_api\test_orders_validation.py:91: UnboundLocalError: cannot access local variable 'result' where it is not associated with a value
E   TypeError: 'NoneType' object can't be awaited
C:\Users\benja\Proyects\Code\Work\HealthBytes-dev\backend\tests\test_api\test_orders_validation.py:169: TypeError: 'NoneType' object can't be awaited
E   NameError: name 'create_order' is not defined
C:\Users\benja\Proyects\Code\Work\HealthBytes-dev\backend\tests\test_api\test_orders_validation.py:216: NameError: name 'create_order' is not defined
E   Failed: DID NOT RAISE <class 'pydantic_core._pydantic_core.ValidationError'>
C:\Users\benja\Proyects\Code\Work\HealthBytes-dev\backend\tests\test_config_security.py:17: Failed: DID NOT RAISE <class 'pydantic_core._pydantic_core.ValidationError'>
E   ValueError: password cannot be longer than 72 bytes, truncate manually if necessary (e.g. my_password[:72])
------------------------------ Captured log call ------------------------------
WARNING  passlib.handlers.bcrypt:bcrypt.py:622 (trapped) error reading bcrypt version
Traceback (most recent call last):
  File "C:\Users\benja\Proyects\Code\Work\HealthBytes-dev\backend\.venv\Lib\site-packages\passlib\handlers\bcrypt.py", line 620, in _load_backend_mixin
    version = _bcrypt.__about__.__version__
              ^^^^^^^^^^^^^^^^^
AttributeError: module 'bcrypt' has no attribute '__about__'
C:\Users\benja\Proyects\Code\Work\HealthBytes-dev\backend\.venv\Lib\site-packages\passlib\handlers\bcrypt.py:655: ValueError: password cannot be longer than 72 bytes, truncate manually if necessary (e.g. my_password[:72])
E   ValueError: password cannot be longer than 72 bytes, truncate manually if necessary (e.g. my_password[:72])
------------------------------ Captured log call ------------------------------
WARNING  passlib.handlers.bcrypt:bcrypt.py:622 (trapped) error reading bcrypt version
Traceback (most recent call last):
  File "C:\Users\benja\Proyects\Code\Work\HealthBytes-dev\backend\.venv\Lib\site-packages\passlib\handlers\bcrypt.py", line 620, in _load_backend_mixin
    version = _bcrypt.__about__.__version__
              ^^^^^^^^^^^^^^^^^
AttributeError: module 'bcrypt' has no attribute '__about__'
C:\Users\benja\Proyects\Code\Work\HealthBytes-dev\backend\.venv\Lib\site-packages\passlib\handlers\bcrypt.py:655: ValueError: password cannot be longer than 72 bytes, truncate manually if necessary (e.g. my_password[:72])
E   ValueError: password cannot be longer than 72 bytes, truncate manually if necessary (e.g. my_password[:72])
------------------------------ Captured log call ------------------------------
WARNING  passlib.handlers.bcrypt:bcrypt.py:622 (trapped) error reading bcrypt version
Traceback (most recent call last):
  File "C:\Users\benja\Proyects\Code\Work\HealthBytes-dev\backend\.venv\Lib\site-packages\passlib\handlers\bcrypt.py", line 620, in _load_backend_mixin
    version = _bcrypt.__about__.__version__
              ^^^^^^^^^^^^^^^^^
AttributeError: module 'bcrypt' has no attribute '__about__'
C:\Users\benja\Proyects\Code\Work\HealthBytes-dev\backend\.venv\Lib\site-packages\passlib\handlers\bcrypt.py:655: ValueError: password cannot be longer than 72 bytes, truncate manually if necessary (e.g. my_password[:72])
E   ValueError: password cannot be longer than 72 bytes, truncate manually if necessary (e.g. my_password[:72])
------------------------------ Captured log call ------------------------------
WARNING  passlib.handlers.bcrypt:bcrypt.py:622 (trapped) error reading bcrypt version
Traceback (most recent call last):
  File "C:\Users\benja\Proyects\Code\Work\HealthBytes-dev\backend\.venv\Lib\site-packages\passlib\handlers\bcrypt.py", line 620, in _load_backend_mixin
    version = _bcrypt.__about__.__version__
              ^^^^^^^^^^^^^^^^^
AttributeError: module 'bcrypt' has no attribute '__about__'
C:\Users\benja\Proyects\Code\Work\HealthBytes-dev\backend\.venv\Lib\site-packages\passlib\handlers\bcrypt.py:655: ValueError: password cannot be longer than 72 bytes, truncate manually if necessary (e.g. my_password[:72])
E   ValueError: password cannot be longer than 72 bytes, truncate manually if necessary (e.g. my_password[:72])
------------------------------ Captured log call ------------------------------
WARNING  passlib.handlers.bcrypt:bcrypt.py:622 (trapped) error reading bcrypt version
Traceback (most recent call last):
  File "C:\Users\benja\Proyects\Code\Work\HealthBytes-dev\backend\.venv\Lib\site-packages\passlib\handlers\bcrypt.py", line 620, in _load_backend_mixin
    version = _bcrypt.__about__.__version__
              ^^^^^^^^^^^^^^^^^
AttributeError: module 'bcrypt' has no attribute '__about__'
C:\Users\benja\Proyects\Code\Work\HealthBytes-dev\backend\.venv\Lib\site-packages\passlib\handlers\bcrypt.py:655: ValueError: password cannot be longer than 72 bytes, truncate manually if necessary (e.g. my_password[:72])
E   ValueError: password cannot be longer than 72 bytes, truncate manually if necessary (e.g. my_password[:72])
------------------------------ Captured log call ------------------------------
WARNING  passlib.handlers.bcrypt:bcrypt.py:622 (trapped) error reading bcrypt version
Traceback (most recent call last):
  File "C:\Users\benja\Proyects\Code\Work\HealthBytes-dev\backend\.venv\Lib\site-packages\passlib\handlers\bcrypt.py", line 620, in _load_backend_mixin
    version = _bcrypt.__about__.__version__
              ^^^^^^^^^^^^^^^^^
AttributeError: module 'bcrypt' has no attribute '__about__'
C:\Users\benja\Proyects\Code\Work\HealthBytes-dev\backend\.venv\Lib\site-packages\passlib\handlers\bcrypt.py:655: ValueError: password cannot be longer than 72 bytes, truncate manually if necessary (e.g. my_password[:72])
E   ValueError: password cannot be longer than 72 bytes, truncate manually if necessary (e.g. my_password[:72])
------------------------------ Captured log call ------------------------------
WARNING  passlib.handlers.bcrypt:bcrypt.py:622 (trapped) error reading bcrypt version
Traceback (most recent call last):
  File "C:\Users\benja\Proyects\Code\Work\HealthBytes-dev\backend\.venv\Lib\site-packages\passlib\handlers\bcrypt.py", line 620, in _load_backend_mixin
    version = _bcrypt.__about__.__version__
              ^^^^^^^^^^^^^^^^^
AttributeError: module 'bcrypt' has no attribute '__about__'
C:\Users\benja\Proyects\Code\Work\HealthBytes-dev\backend\.venv\Lib\site-packages\passlib\handlers\bcrypt.py:655: ValueError: password cannot be longer than 72 bytes, truncate manually if necessary (e.g. my_password[:72])
E   ValueError: password cannot be longer than 72 bytes, truncate manually if necessary (e.g. my_password[:72])
------------------------------ Captured log call ------------------------------
WARNING  passlib.handlers.bcrypt:bcrypt.py:622 (trapped) error reading bcrypt version
Traceback (most recent call last):
  File "C:\Users\benja\Proyects\Code\Work\HealthBytes-dev\backend\.venv\Lib\site-packages\passlib\handlers\bcrypt.py", line 620, in _load_backend_mixin
    version = _bcrypt.__about__.__version__
              ^^^^^^^^^^^^^^^^^
AttributeError: module 'bcrypt' has no attribute '__about__'
C:\Users\benja\Proyects\Code\Work\HealthBytes-dev\backend\.venv\Lib\site-packages\passlib\handlers\bcrypt.py:655: ValueError: password cannot be longer than 72 bytes, truncate manually if necessary (e.g. my_password[:72])
E   ValueError: password cannot be longer than 72 bytes, truncate manually if necessary (e.g. my_password[:72])
------------------------------ Captured log call ------------------------------
WARNING  passlib.handlers.bcrypt:bcrypt.py:622 (trapped) error reading bcrypt version
Traceback (most recent call last):
  File "C:\Users\benja\Proyects\Code\Work\HealthBytes-dev\backend\.venv\Lib\site-packages\passlib\handlers\bcrypt.py", line 620, in _load_backend_mixin
    version = _bcrypt.__about__.__version__
              ^^^^^^^^^^^^^^^^^
AttributeError: module 'bcrypt' has no attribute '__about__'
C:\Users\benja\Proyects\Code\Work\HealthBytes-dev\backend\.venv\Lib\site-packages\passlib\handlers\bcrypt.py:655: ValueError: password cannot be longer than 72 bytes, truncate manually if necessary (e.g. my_password[:72])
E   sqlite3.IntegrityError: datatype mismatch

The above exception was the direct cause of the following exception:
E   sqlalchemy.exc.IntegrityError: (sqlite3.IntegrityError) datatype mismatch
    [SQL: INSERT INTO users (id, email, password, role, name, address, clerk_id) VALUES (?, ?, ?, ?, ?, ?, ?)]
    [parameters: ('user_456', 'original@example.com', 'hashed_password', 'customer', None, None, None)]
    (Background on this error at: https://sqlalche.me/e/20/gkpj)
C:\Users\benja\Proyects\Code\Work\HealthBytes-dev\backend\.venv\Lib\site-packages\sqlalchemy\engine\default.py:952: sqlalchemy.exc.IntegrityError: (sqlite3.IntegrityError) datatype mismatch
E   sqlite3.IntegrityError: datatype mismatch

The above exception was the direct cause of the following exception:
E   sqlalchemy.exc.IntegrityError: (sqlite3.IntegrityError) datatype mismatch
    [SQL: INSERT INTO users (id, email, password, role, name, address, clerk_id) VALUES (?, ?, ?, ?, ?, ?, ?)]
    [parameters: ('user_789', 'original@example.com', 'hashed_password', 'customer', None, None, None)]
    (Background on this error at: https://sqlalche.me/e/20/gkpj)
C:\Users\benja\Proyects\Code\Work\HealthBytes-dev\backend\.venv\Lib\site-packages\sqlalchemy\engine\default.py:952: sqlalchemy.exc.IntegrityError: (sqlite3.IntegrityError) datatype mismatch
E   sqlite3.IntegrityError: datatype mismatch

The above exception was the direct cause of the following exception:
E   sqlalchemy.exc.IntegrityError: (sqlite3.IntegrityError) datatype mismatch
    [SQL: INSERT INTO users (id, email, password, role, name, address, clerk_id) VALUES (?, ?, ?, ?, ?, ?, ?)]
    [parameters: ('user_999', 'old@example.com', 'old_hash', 'customer', None, None, None)]
    (Background on this error at: https://sqlalche.me/e/20/gkpj)
C:\Users\benja\Proyects\Code\Work\HealthBytes-dev\backend\.venv\Lib\site-packages\sqlalchemy\engine\default.py:952: sqlalchemy.exc.IntegrityError: (sqlite3.IntegrityError) datatype mismatch
============================== warnings summary ===============================
app\config.py:8
  C:\Users\benja\Proyects\Code\Work\HealthBytes-dev\backend\app\config.py:8: PydanticDeprecatedSince20: Support for class-based `config` is deprecated, use ConfigDict instead. Deprecated in Pydantic V2.0 to be removed in V3.0. See Pydantic V2 Migration Guide at https://errors.pydantic.dev/2.12/migration/
    class Settings(BaseSettings):

app\schemas\product.py:26
  C:\Users\benja\Proyects\Code\Work\HealthBytes-dev\backend\app\schemas\product.py:26: PydanticDeprecatedSince20: Support for class-based `config` is deprecated, use ConfigDict instead. Deprecated in Pydantic V2.0 to be removed in V3.0. See Pydantic V2 Migration Guide at https://errors.pydantic.dev/2.12/migration/
    class ProductResponse(ProductBase):

app\schemas\user.py:28
  C:\Users\benja\Proyects\Code\Work\HealthBytes-dev\backend\app\schemas\user.py:28: PydanticDeprecatedSince20: Support for class-based `config` is deprecated, use ConfigDict instead. Deprecated in Pydantic V2.0 to be removed in V3.0. See Pydantic V2 Migration Guide at https://errors.pydantic.dev/2.12/migration/
    class UserResponse(BaseModel):

app\schemas\order.py:21
  C:\Users\benja\Proyects\Code\Work\HealthBytes-dev\backend\app\schemas\order.py:21: PydanticDeprecatedSince20: Support for class-based `config` is deprecated, use ConfigDict instead. Deprecated in Pydantic V2.0 to be removed in V3.0. See Pydantic V2 Migration Guide at https://errors.pydantic.dev/2.12/migration/
    class OrderItemResponse(BaseModel):

app\schemas\order.py:33
  C:\Users\benja\Proyects\Code\Work\HealthBytes-dev\backend\app\schemas\order.py:33: PydanticDeprecatedSince20: Support for class-based `config` is deprecated, use ConfigDict instead. Deprecated in Pydantic V2.0 to be removed in V3.0. See Pydantic V2 Migration Guide at https://errors.pydantic.dev/2.12/migration/
    class OrderResponse(BaseModel):

tests/test_api/test_auth.py::test_register_user
tests/test_services/test_user_service.py::test_update_user_success
tests/test_services/test_user_service.py::test_update_user_partial
tests/test_services/test_user_service.py::test_update_user_all_fields
  C:\Users\benja\Proyects\Code\Work\HealthBytes-dev\backend\tests\conftest.py:44: SAWarning: transaction already deassociated from connection
    transaction.rollback()

-- Docs: https://docs.pytest.org/en/stable/how-to/capture-warnings.html
=============================== tests coverage ================================
_______________ coverage: platform win32, python 3.14.2-final-0 _______________

Name                              Stmts   Miss  Cover   Missing
---------------------------------------------------------------
app\__init__.py                       0      0   100%
app\api\__init__.py                   0      0   100%
app\api\v1\__init__.py                0      0   100%
app\api\v1\auth.py                   46     17    63%   26, 35-59, 62, 90-108, 112-114
app\api\v1\orders.py                102     65    36%   30-80, 99, 103, 143-169, 183-220, 235-262
app\api\v1\products.py               72     35    51%   42, 45-49, 67, 70-72, 86-90, 105-118, 130-143
app\api\v1\stripe.py                 15      4    73%   9, 19, 32, 49
app\api\v1\users.py                  75     50    33%   31-33, 58-82, 96-134, 147-163
app\config.py                        39      8    79%   47, 59-65
app\core\__init__.py                  0      0   100%
app\core\exceptions.py               10     10     0%   1-25
app\core\security.py                 23      8    65%   12-13, 29-42, 53
app\db\__init__.py                    0      0   100%
app\db\database.py                   12      4    67%   27-31
app\db\models\__init__.py             0      0   100%
app\db\models\order.py               18     18     0%   1-46
app\db\models\product.py             17     17     0%   1-31
app\db\models\user.py                16     16     0%   1-43
app\db\schemas.py                    37      0   100%
app\main.py                          65     46    29%   44-102, 115-123
app\middleware\__init__.py            0      0   100%
app\middleware\auth.py               97     48    51%   37-46, 53-59, 68-69, 92-95, 111-141, 148-153, 169-172, 180-185, 192-197
app\schemas\__init__.py               0      0   100%
app\schemas\order.py                 20      0   100%
app\schemas\product.py               17      0   100%
app\schemas\user.py                  18      0   100%
app\services\__init__.py              5      0   100%
app\services\auth_service.py         31      9    71%   36, 40-49, 77-80
app\services\order_service.py        65      2    97%   42, 172
app\services\product_service.py      41      0   100%
app\services\user_service.py         27      6    78%   56-62
---------------------------------------------------------------
TOTAL                               868    363    58%
Coverage HTML written to dir htmlcov
=========================== short test summary info ===========================
FAILED tests/test_api/test_auth.py::test_register_user - assert 500 in [200, 201, 400, 409]
 +  where 500 = <Response [500 Internal Server Error]>.status_code
FAILED tests/test_api/test_orders_validation.py::test_order_uses_database_price_not_client_price - UnboundLocalError: cannot access local variable 'result' where it is not associated with a value
FAILED tests/test_api/test_orders_validation.py::test_order_multiple_items_validation - TypeError: 'NoneType' object can't be awaited
FAILED tests/test_api/test_orders_validation.py::test_order_with_correct_quantity - NameError: name 'create_order' is not defined
FAILED tests/test_config_security.py::test_jwt_secret_required - Failed: DID NOT RAISE <class 'pydantic_core._pydantic_core.ValidationError'>
FAILED tests/test_services/test_auth_service.py::test_register_user_success - ValueError: password cannot be longer than 72 bytes, truncate manually if necessary (e.g. my_password[:72])
FAILED tests/test_services/test_auth_service.py::test_register_user_duplicate_email - ValueError: password cannot be longer than 72 bytes, truncate manually if necessary (e.g. my_password[:72])
FAILED tests/test_services/test_auth_service.py::test_register_user_with_clerk_id - ValueError: password cannot be longer than 72 bytes, truncate manually if necessary (e.g. my_password[:72])
FAILED tests/test_services/test_auth_service.py::test_login_user_success - ValueError: password cannot be longer than 72 bytes, truncate manually if necessary (e.g. my_password[:72])
FAILED tests/test_services/test_auth_service.py::test_login_user_wrong_password - ValueError: password cannot be longer than 72 bytes, truncate manually if necessary (e.g. my_password[:72])
FAILED tests/test_services/test_auth_service.py::test_get_user_by_email_found - ValueError: password cannot be longer than 72 bytes, truncate manually if necessary (e.g. my_password[:72])
FAILED tests/test_services/test_auth_service.py::test_get_user_by_clerk_id_found - ValueError: password cannot be longer than 72 bytes, truncate manually if necessary (e.g. my_password[:72])
FAILED tests/test_services/test_auth_service.py::test_password_hashing_different_passwords - ValueError: password cannot be longer than 72 bytes, truncate manually if necessary (e.g. my_password[:72])
FAILED tests/test_services/test_auth_service.py::test_password_hashing_same_password_different_hash - ValueError: password cannot be longer than 72 bytes, truncate manually if necessary (e.g. my_password[:72])
FAILED tests/test_services/test_user_service.py::test_update_user_success - sqlalchemy.exc.IntegrityError: (sqlite3.IntegrityError) datatype mismatch
[SQL: INSERT INTO users (id, email, password, role, name, address, clerk_id) VALUES (?, ?, ?, ?, ?, ?, ?)]
[parameters: ('user_456', 'original@example.com', 'hashed_password', 'customer', None, None, None)]
(Background on this error at: https://sqlalche.me/e/20/gkpj)
FAILED tests/test_services/test_user_service.py::test_update_user_partial - sqlalchemy.exc.IntegrityError: (sqlite3.IntegrityError) datatype mismatch
[SQL: INSERT INTO users (id, email, password, role, name, address, clerk_id) VALUES (?, ?, ?, ?, ?, ?, ?)]
[parameters: ('user_789', 'original@example.com', 'hashed_password', 'customer', None, None, None)]
(Background on this error at: https://sqlalche.me/e/20/gkpj)
FAILED tests/test_services/test_user_service.py::test_update_user_all_fields - sqlalchemy.exc.IntegrityError: (sqlite3.IntegrityError) datatype mismatch
[SQL: INSERT INTO users (id, email, password, role, name, address, clerk_id) VALUES (?, ?, ?, ?, ?, ?, ?)]
[parameters: ('user_999', 'old@example.com', 'old_hash', 'customer', None, None, None)]
(Background on this error at: https://sqlalche.me/e/20/gkpj)
============ 17 failed, 66 passed, 1 skipped, 9 warnings in 2.37s =============
